<?xml version="1.0" encoding="UTF-8"?>
<!-- Generated by org.testng.reporters.JUnitXMLReporter -->
<testsuite ignored="0" hostname="Adet" failures="0" tests="16" name="Default test" time="19.162" errors="0" timestamp="2021-02-07T20:18:09 CET">
  <testcase classname="openLink.SeleniumTest" name="clickHideBtn" time="0.172"/>
  <testcase classname="openLink.SeleniumTest" name="isEmuCheckBoxDisabled" time="0.035"/>
  <testcase classname="openLink.SeleniumTest" name="checkNumberOfCheckboxes" time="0.028"/>
  <testcase classname="openLink.SeleniumTest" name="selectRadioBtnJezevaKucica" time="0.182"/>
  <testcase classname="openLink.SeleniumTest" name="selectTurskiFromDropdownNahlaCourses" time="0.214"/>
  <testcase classname="openLink.SeleniumTest" name="clickPromptBoxGetTextAfterCancel" time="0.23"/>
  <testcase classname="openLink.SeleniumTest" name="checkPromptBoxAndText" time="0.201"/>
  <testcase classname="openLink.SeleniumTest" name="getTableNumberRowsCols" time="0.036"/>
  <testcase classname="openLink.SeleniumTest" name="getTableNumberRowsExcludeTitle" time="0.019"/>
  <testcase classname="openLink.SeleniumTest" name="getNamesForStudentsInEnglishCourse" time="0.143"/>
  <testcase classname="openLink.SeleniumTest" name="openNewWindowNahlaPage" time="4.253"/>
  <testcase classname="openLink.SeleniumTest" name="listOfDragAndDropElements" time="0.041"/>
  <testcase classname="openLink.SeleniumTest" name="dragAndDrop" time="0.709"/>
  <testcase classname="openLink.SeleniumTest" name="mouseOver" time="0.494"/>
  <testcase classname="openLink.SeleniumTest" name="clickOnVolontirajLink" time="0.985"/>
  <testcase classname="openLink.SeleniumTest" name="getCurrentUrl" time="0.008"/>
</testsuite> <!-- Default test -->
